  **  PHYSICAL PARAMETERS  **


   RADIUS      n(Htot)     TEMP        A_UV EFF    RAD. EFF    C K(PH)     C K(IP)     C K(AP)     CO K(PH)    CO K(IP)    CO K(AP)    DELTA_AUV   
   1.000E+014  5.009E+009  1.423E+003  1.246E+003  0.000E+000  0.000E+000  0.000E+000  0.000E+000  0.000E+000  0.000E+000  0.000E+000  1.868E+003
   1.072E+014  4.363E+009  1.389E+003  1.162E+003  0.000E+000  0.000E+000  0.000E+000  0.000E+000  0.000E+000  0.000E+000  0.000E+000  1.952E+003
   1.148E+014  3.800E+009  1.356E+003  1.085E+003  0.000E+000  0.000E+000  0.000E+000  0.000E+000  0.000E+000  0.000E+000  0.000E+000  2.029E+003
   1.230E+014  3.310E+009  1.324E+003  1.012E+003  0.000E+000  0.000E+000  0.000E+000  0.000E+000  0.000E+000  0.000E+000  0.000E+000  2.102E+003
   1.318E+014  2.882E+009  1.292E+003  9.449E+002  0.000E+000  0.000E+000  0.000E+000  0.000E+000  0.000E+000  0.000E+000  0.000E+000  2.169E+003
   1.413E+014  2.511E+009  1.261E+003  8.818E+002  0.000E+000  0.000E+000  0.000E+000  0.000E+000  0.000E+000  0.000E+000  0.000E+000  2.232E+003
   1.514E+014  2.187E+009  1.231E+003  8.230E+002  0.000E+000  0.000E+000  0.000E+000  0.000E+000  0.000E+000  0.000E+000  0.000E+000  2.291E+003
   1.622E+014  1.904E+009  1.202E+003  7.680E+002  0.000E+000  0.000E+000  0.000E+000  0.000E+000  0.000E+000  0.000E+000  0.000E+000  2.346E+003
   1.738E+014  1.659E+009  1.173E+003  7.168E+002  1.917E-314  0.000E+000  0.000E+000  0.000E+000  0.000E+000  0.000E+000  0.000E+000  2.397E+003
   1.862E+014  1.445E+009  1.145E+003  6.689E+002  1.255E-293  0.000E+000  0.000E+000  0.000E+000  0.000E+000  0.000E+000  0.000E+000  2.445E+003
   1.995E+014  1.258E+009  1.118E+003  6.243E+002  3.352E-274  0.000E+000  0.000E+000  0.000E+000  0.000E+000  0.000E+000  0.000E+000  2.490E+003
   2.138E+014  1.096E+009  1.091E+003  5.826E+002  4.522E-256  6.605E-306  0.000E+000  0.000E+000  0.000E+000  0.000E+000  0.000E+000  2.531E+003
   2.291E+014  9.545E+008  1.065E+003  5.437E+002  3.761E-239  9.351E-286  0.000E+000  0.000E+000  0.000E+000  0.000E+000  0.000E+000  2.570E+003
   2.455E+014  8.313E+008  1.039E+003  5.074E+002  2.322E-223  1.172E-263  0.000E+000  0.000E+000  0.000E+000  0.000E+000  0.000E+000  2.607E+003
   2.630E+014  7.240E+008  1.015E+003  4.736E+002  1.266E-208  8.316E-251  0.000E+000  0.000E+000  0.000E+000  0.000E+000  0.000E+000  2.640E+003
   2.818E+014  6.306E+008  9.904E+002  4.420E+002  7.170E-195  8.136E-234  0.000E+000  0.000E+000  0.000E+000  0.000E+000  0.000E+000  2.672E+003
   3.020E+014  5.492E+008  9.667E+002  4.125E+002  4.905E-182  4.401E-219  0.000E+000  0.000E+000  0.000E+000  0.000E+000  0.000E+000  2.702E+003
   3.236E+014  4.784E+008  9.436E+002  3.849E+002  4.667E-170  4.989E-205  0.000E+000  0.000E+000  0.000E+000  0.000E+000  0.000E+000  2.729E+003
   3.467E+014  4.166E+008  9.211E+002  3.592E+002  7.045E-159  8.057E-193  0.000E+000  0.000E+000  0.000E+000  0.000E+000  0.000E+000  2.755E+003
   3.715E+014  3.629E+008  8.991E+002  3.353E+002  1.908E-148  7.044E-180  0.000E+000  0.000E+000  0.000E+000  0.000E+000  0.000E+000  2.779E+003
   3.981E+014  3.161E+008  8.776E+002  3.129E+002  1.040E-138  1.149E-168  0.000E+000  0.000E+000  0.000E+000  0.000E+000  0.000E+000  2.801E+003
   4.266E+014  2.753E+008  8.566E+002  2.920E+002  1.269E-129  7.394E-159  0.000E+000  0.000E+000  0.000E+000  0.000E+000  0.000E+000  2.822E+003
   4.571E+014  2.398E+008  8.362E+002  2.725E+002  3.834E-121  1.525E-147  0.000E+000  0.000E+000  0.000E+000  0.000E+000  0.000E+000  2.841E+003
   4.898E+014  2.088E+008  8.162E+002  2.543E+002  3.145E-113  4.290E-140  0.000E+000  0.000E+000  0.000E+000  0.000E+000  0.000E+000  2.860E+003
   5.248E+014  1.819E+008  7.967E+002  2.373E+002  7.648E-106  6.508E-131  0.000E+000  0.000E+000  0.000E+000  0.000E+000  0.000E+000  2.877E+003
   5.623E+014  1.584E+008  7.777E+002  2.215E+002  5.977E-099  4.305E-122  0.000E+000  0.000E+000  0.000E+000  0.000E+000  0.000E+000  2.892E+003
   6.026E+014  1.380E+008  7.591E+002  2.067E+002  1.619E-092  1.831E-115  0.000E+000  0.000E+000  0.000E+000  0.000E+000  0.000E+000  2.907E+003
   6.457E+014  1.202E+008  7.410E+002  1.929E+002  1.633E-086  1.375E-109  0.000E+000  0.000E+000  0.000E+000  0.000E+000  0.000E+000  2.921E+003
   6.918E+014  1.047E+008  7.233E+002  1.800E+002  6.549E-081  6.292E-102  0.000E+000  0.000E+000  0.000E+000  0.000E+000  0.000E+000  2.934E+003
   7.413E+014  9.115E+007  7.060E+002  1.680E+002  1.111E-075  2.210E-095  0.000E+000  0.000E+000  0.000E+000  0.000E+000  0.000E+000  2.946E+003
   7.943E+014  7.939E+007  6.891E+002  1.568E+002  8.444E-071  2.533E-091  0.000E+000  0.000E+000  0.000E+000  0.000E+000  0.000E+000  2.957E+003
   8.511E+014  6.915E+007  6.727E+002  1.463E+002  3.036E-066  7.016E-086  0.000E+000  0.000E+000  0.000E+000  0.000E+000  0.000E+000  2.968E+003
   9.120E+014  6.022E+007  6.566E+002  1.366E+002  5.433E-062  2.437E-079  0.000E+000  0.000E+000  0.000E+000  0.000E+000  0.000E+000  2.977E+003
   9.772E+014  5.245E+007  6.409E+002  1.275E+002  5.073E-058  8.693E-076  0.000E+000  0.000E+000  0.000E+000  0.000E+000  0.000E+000  2.987E+003
   1.047E+015  4.568E+007  6.256E+002  1.190E+002  2.583E-054  4.158E-071  0.000E+000  0.000E+000  1.955E-057  0.000E+000  0.000E+000  2.995E+003
   1.122E+015  3.979E+007  6.107E+002  1.110E+002  7.480E-051  4.592E-067  0.000E+000  0.000E+000  7.052E-055  0.000E+000  0.000E+000  3.003E+003
   1.202E+015  3.465E+007  5.961E+002  1.036E+002  1.280E-047  2.157E-064  0.000E+000  0.000E+000  3.570E-053  0.000E+000  0.000E+000  3.010E+003
   1.288E+015  3.018E+007  5.818E+002  9.669E+001  1.343E-044  1.225E-060  0.000E+000  0.000E+000  9.281E-051  0.000E+000  0.000E+000  3.017E+003
   1.380E+015  2.629E+007  5.679E+002  9.024E+001  8.927E-042  3.731E-056  0.000E+000  0.000E+000  7.678E-048  0.000E+000  0.000E+000  3.024E+003
   1.479E+015  2.290E+007  5.544E+002  8.421E+001  3.882E-039  1.984E-053  0.000E+000  0.000E+000  4.764E-046  0.000E+000  0.000E+000  3.030E+003
   1.585E+015  1.994E+007  5.411E+002  7.859E+001  1.136E-036  5.152E-051  0.000E+000  0.000E+000  1.900E-044  0.000E+000  0.000E+000  3.035E+003
   1.698E+015  1.737E+007  5.282E+002  7.335E+001  2.300E-034  7.340E-049  0.000E+000  0.000E+000  5.217E-043  0.000E+000  0.000E+000  3.041E+003
   1.820E+015  1.513E+007  5.156E+002  6.845E+001  3.299E-032  2.120E-046  0.000E+000  0.000E+000  2.368E-041  0.000E+000  0.000E+000  3.046E+003
   1.950E+015  1.318E+007  5.033E+002  6.388E+001  3.430E-030  1.177E-043  0.000E+000  0.000E+000  1.740E-039  0.000E+000  0.000E+000  3.050E+003
   2.089E+015  1.148E+007  4.912E+002  5.962E+001  2.640E-028  6.008E-042  0.000E+000  0.000E+000  2.584E-038  0.000E+000  0.000E+000  3.054E+003
   2.239E+015  9.995E+006  4.795E+002  5.564E+001  1.533E-026  1.073E-039  0.000E+000  0.000E+000  9.341E-037  0.000E+000  0.000E+000  3.058E+003
   2.399E+015  8.705E+006  4.681E+002  5.192E+001  6.845E-025  9.490E-038  0.000E+000  0.000E+000  2.142E-035  0.000E+000  0.000E+000  3.062E+003
   2.570E+015  7.582E+006  4.569E+002  4.846E+001  2.387E-023  4.096E-036  0.000E+000  0.000E+000  3.048E-034  0.000E+000  0.000E+000  3.066E+003
   2.754E+015  6.603E+006  4.460E+002  4.522E+001  6.608E-022  2.044E-034  0.000E+000  0.000E+000  4.931E-033  0.000E+000  0.000E+000  3.069E+003
   2.951E+015  5.751E+006  4.353E+002  4.221E+001  1.473E-020  5.798E-033  0.000E+000  0.000E+000  5.458E-032  0.000E+000  0.000E+000  3.072E+003
   3.162E+015  5.009E+006  4.249E+002  3.939E+001  2.681E-019  4.600E-031  0.000E+000  0.000E+000  1.311E-030  0.000E+000  0.000E+000  3.075E+003
   3.388E+015  4.363E+006  4.148E+002  3.676E+001  4.036E-018  5.714E-030  0.000E+000  0.000E+000  8.350E-030  0.000E+000  0.000E+000  3.077E+003
   3.631E+015  3.800E+006  4.049E+002  3.431E+001  5.086E-017  1.010E-028  0.000E+000  0.000E+000  7.030E-029  0.000E+000  0.000E+000  3.080E+003
   3.890E+015  3.310E+006  3.952E+002  3.202E+001  5.428E-016  1.978E-027  0.000E+000  0.000E+000  6.546E-028  0.000E+000  0.000E+000  3.082E+003
   4.169E+015  2.882E+006  3.857E+002  2.988E+001  4.958E-015  1.698E-026  0.000E+000  0.000E+000  3.341E-027  0.000E+000  0.000E+000  3.084E+003
   4.467E+015  2.511E+006  3.765E+002  2.789E+001  3.916E-014  2.100E-025  0.000E+000  0.000E+000  2.293E-026  0.000E+000  0.000E+000  3.086E+003
   4.786E+015  2.187E+006  3.675E+002  2.602E+001  2.700E-013  2.150E-024  0.000E+000  0.000E+000  1.391E-025  0.000E+000  0.000E+000  3.088E+003
   5.129E+015  1.904E+006  3.588E+002  2.429E+001  1.640E-012  1.258E-023  0.000E+000  0.000E+000  5.551E-025  0.000E+000  0.000E+000  3.090E+003
   5.495E+015  1.659E+006  3.502E+002  2.267E+001  8.848E-012  1.032E-022  0.000E+000  0.000E+000  2.937E-024  0.000E+000  0.000E+000  3.091E+003
   5.888E+015  1.445E+006  3.418E+002  2.115E+001  4.275E-011  1.144E-021  0.000E+000  0.000E+000  2.027E-023  0.000E+000  0.000E+000  3.093E+003
   6.310E+015  1.258E+006  3.337E+002  1.974E+001  1.864E-010  2.692E-021  0.000E+000  0.000E+000  4.056E-023  0.000E+000  0.000E+000  3.094E+003
   6.761E+015  1.096E+006  3.257E+002  1.842E+001  7.382E-010  2.545E-020  0.000E+000  0.000E+000  2.560E-022  0.000E+000  0.000E+000  3.096E+003
   7.244E+015  9.545E+005  3.179E+002  1.719E+001  2.675E-009  9.145E-020  0.000E+000  0.000E+000  7.406E-022  0.000E+000  0.000E+000  3.097E+003
   7.762E+015  8.313E+005  3.103E+002  1.605E+001  8.921E-009  2.855E-019  0.000E+000  0.000E+000  1.924E-021  0.000E+000  0.000E+000  3.098E+003
   8.318E+015  7.240E+005  3.029E+002  1.498E+001  2.754E-008  1.269E-018  0.000E+000  0.000E+000  6.808E-021  0.000E+000  0.000E+000  3.099E+003
   8.913E+015  6.306E+005  2.957E+002  1.398E+001  7.915E-008  3.271E-018  0.000E+000  0.000E+000  1.532E-020  0.000E+000  0.000E+000  3.100E+003
   9.550E+015  5.492E+005  2.886E+002  1.304E+001  2.128E-007  1.139E-017  0.000E+000  0.000E+000  4.506E-020  0.000E+000  0.000E+000  3.101E+003
   1.023E+016  4.784E+005  2.817E+002  1.217E+001  5.374E-007  2.931E-017  0.000E+000  0.000E+000  1.029E-019  0.000E+000  0.000E+000  3.102E+003
   1.096E+016  4.166E+005  2.750E+002  1.136E+001  1.281E-006  8.269E-017  0.000E+000  0.000E+000  2.571E-019  0.000E+000  0.000E+000  3.103E+003
   1.175E+016  3.629E+005  2.684E+002  1.060E+001  2.893E-006  2.046E-016  0.000E+000  0.000E+000  5.768E-019  0.000E+000  0.000E+000  3.103E+003
   1.259E+016  3.161E+005  2.620E+002  9.894E+000  6.210E-006  4.322E-016  0.000E+000  0.000E+000  1.131E-018  0.000E+000  0.000E+000  3.104E+003
   1.349E+016  2.753E+005  2.557E+002  9.234E+000  1.272E-005  1.058E-015  0.000E+000  0.000E+000  2.553E-018  0.000E+000  0.000E+000  3.105E+003
   1.445E+016  2.398E+005  2.496E+002  8.617E+000  2.492E-005  2.426E-015  0.000E+000  0.000E+000  5.479E-018  0.000E+000  0.000E+000  3.105E+003
   1.549E+016  2.088E+005  2.437E+002  8.042E+000  4.685E-005  5.045E-015  0.000E+000  0.000E+000  1.083E-017  0.000E+000  0.000E+000  3.106E+003
   1.660E+016  1.819E+005  2.378E+002  7.505E+000  8.473E-005  9.585E-015  0.000E+000  0.000E+000  1.980E-017  0.000E+000  0.000E+000  3.106E+003
   1.778E+016  1.584E+005  2.322E+002  7.004E+000  1.477E-004  1.764E-014  0.000E+000  0.000E+000  3.536E-017  0.000E+000  0.000E+000  3.107E+003
   1.905E+016  1.380E+005  2.266E+002  6.537E+000  2.490E-004  3.140E-014  0.000E+000  0.000E+000  6.159E-017  0.000E+000  0.000E+000  3.107E+003
   2.042E+016  1.202E+005  2.212E+002  6.101E+000  4.064E-004  5.299E-014  0.000E+000  0.000E+000  1.025E-016  0.000E+000  0.000E+000  3.108E+003
   2.188E+016  1.047E+005  2.159E+002  5.693E+000  6.436E-004  8.976E-014  0.000E+000  0.000E+000  1.722E-016  0.000E+000  0.000E+000  3.108E+003
   2.344E+016  9.115E+004  2.108E+002  5.313E+000  9.910E-004  1.499E-013  0.000E+000  0.000E+000  2.872E-016  0.000E+000  0.000E+000  3.109E+003
   2.512E+016  7.939E+004  2.057E+002  4.959E+000  1.486E-003  2.371E-013  0.000E+000  0.000E+000  4.565E-016  0.000E+000  0.000E+000  3.109E+003
   2.692E+016  6.915E+004  2.008E+002  4.628E+000  2.174E-003  3.701E-013  0.000E+000  0.000E+000  7.204E-016  0.000E+000  0.000E+000  3.109E+003
   2.884E+016  6.022E+004  1.960E+002  4.319E+000  3.108E-003  5.579E-013  0.000E+000  0.000E+000  1.103E-015  0.000E+000  0.000E+000  3.110E+003
   3.090E+016  5.245E+004  1.913E+002  4.031E+000  4.348E-003  8.083E-013  0.000E+000  0.000E+000  1.631E-015  0.000E+000  0.000E+000  3.110E+003
   3.311E+016  4.568E+004  1.868E+002  3.762E+000  5.961E-003  1.141E-012  0.000E+000  0.000E+000  2.355E-015  0.000E+000  0.000E+000  3.110E+003
   3.548E+016  3.979E+004  1.823E+002  3.511E+000  8.019E-003  1.606E-012  0.000E+000  0.000E+000  3.412E-015  0.000E+000  0.000E+000  3.110E+003
   3.802E+016  3.465E+004  1.780E+002  3.276E+000  1.060E-002  2.193E-012  0.000E+000  0.000E+000  4.803E-015  0.000E+000  0.000E+000  3.111E+003
   4.074E+016  3.018E+004  1.737E+002  3.058E+000  1.378E-002  3.026E-012  0.000E+000  0.000E+000  6.877E-015  0.000E+000  0.000E+000  3.111E+003
   4.365E+016  2.629E+004  1.696E+002  2.853E+000  1.764E-002  3.945E-012  0.000E+000  0.000E+000  9.286E-015  0.000E+000  0.000E+000  3.111E+003
   4.677E+016  2.290E+004  1.655E+002  2.663E+000  2.226E-002  5.089E-012  0.000E+000  0.000E+000  1.244E-014  0.000E+000  0.000E+000  3.111E+003
   5.012E+016  1.994E+004  1.615E+002  2.485E+000  2.771E-002  6.534E-012  0.000E+000  0.000E+000  1.666E-014  0.000E+000  0.000E+000  3.111E+003
   5.370E+016  1.737E+004  1.577E+002  2.319E+000  3.405E-002  8.242E-012  0.000E+000  0.000E+000  2.194E-014  0.000E+000  0.000E+000  3.112E+003
   5.754E+016  1.513E+004  1.539E+002  2.165E+000  4.136E-002  1.027E-011  0.000E+000  0.000E+000  2.861E-014  0.000E+000  0.000E+000  3.112E+003
   6.166E+016  1.318E+004  1.502E+002  2.020E+000  4.967E-002  1.250E-011  0.000E+000  0.000E+000  3.640E-014  0.000E+000  0.000E+000  3.112E+003
   6.607E+016  1.148E+004  1.467E+002  1.885E+000  5.903E-002  1.536E-011  0.000E+000  0.000E+000  4.705E-014  0.000E+000  0.000E+000  3.112E+003
   7.079E+016  9.995E+003  1.432E+002  1.759E+000  6.945E-002  1.844E-011  0.000E+000  0.000E+000  5.935E-014  0.000E+000  0.000E+000  3.112E+003
   7.586E+016  8.705E+003  1.397E+002  1.642E+000  8.096E-002  2.169E-011  0.000E+000  0.000E+000  7.322E-014  0.000E+000  0.000E+000  3.112E+003
   8.128E+016  7.582E+003  1.364E+002  1.532E+000  9.354E-002  2.550E-011  0.000E+000  0.000E+000  9.065E-014  0.000E+000  0.000E+000  3.112E+003
   8.710E+016  6.603E+003  1.331E+002  1.430E+000  1.072E-001  2.991E-011  0.000E+000  0.000E+000  1.123E-013  0.000E+000  0.000E+000  3.113E+003
   9.333E+016  5.751E+003  1.300E+002  1.335E+000  1.219E-001  3.439E-011  0.000E+000  0.000E+000  1.362E-013  0.000E+000  0.000E+000  3.113E+003
   1.000E+017  5.009E+003  1.269E+002  1.246E+000  1.375E-001  3.957E-011  0.000E+000  0.000E+000  1.658E-013  0.000E+000  0.000E+000  3.113E+003
   1.072E+017  4.363E+003  1.238E+002  1.162E+000  1.542E-001  4.478E-011  0.000E+000  0.000E+000  1.982E-013  0.000E+000  0.000E+000  3.113E+003
   1.148E+017  3.800E+003  1.209E+002  1.085E+000  1.716E-001  5.051E-011  0.000E+000  0.000E+000  2.368E-013  0.000E+000  0.000E+000  3.113E+003
   1.230E+017  3.310E+003  1.180E+002  1.012E+000  1.899E-001  5.660E-011  0.000E+000  0.000E+000  2.813E-013  0.000E+000  0.000E+000  3.113E+003
   1.318E+017  2.882E+003  1.152E+002  9.449E-001  2.090E-001  6.282E-011  0.000E+000  0.000E+000  3.310E-013  0.000E+000  0.000E+000  3.113E+003
   1.413E+017  2.511E+003  1.124E+002  8.818E-001  2.287E-001  6.963E-011  0.000E+000  0.000E+000  3.902E-013  0.000E+000  0.000E+000  3.113E+003
   1.514E+017  2.187E+003  1.097E+002  8.230E-001  2.489E-001  7.625E-011  0.000E+000  0.000E+000  4.533E-013  0.000E+000  0.000E+000  3.113E+003
   1.622E+017  1.904E+003  1.071E+002  7.680E-001  2.697E-001  8.339E-011  0.000E+000  0.000E+000  5.277E-013  0.000E+000  0.000E+000  3.113E+003
   1.738E+017  1.659E+003  1.045E+002  7.168E-001  2.909E-001  9.073E-011  0.000E+000  0.000E+000  6.121E-013  0.000E+000  0.000E+000  3.113E+003
   1.862E+017  1.445E+003  1.020E+002  6.689E-001  3.124E-001  9.822E-011  0.000E+000  0.000E+000  7.070E-013  0.000E+000  0.000E+000  3.113E+003
   1.995E+017  1.258E+003  9.961E+001  6.243E-001  3.341E-001  1.057E-010  0.000E+000  0.000E+000  8.117E-013  0.000E+000  0.000E+000  3.113E+003
   2.138E+017  1.096E+003  9.723E+001  5.826E-001  3.561E-001  1.136E-010  0.000E+000  0.000E+000  9.354E-013  0.000E+000  0.000E+000  3.113E+003
   2.291E+017  9.545E+002  9.491E+001  5.437E-001  3.781E-001  1.217E-010  0.000E+000  0.000E+000  1.077E-012  0.000E+000  0.000E+000  3.113E+003
   2.455E+017  8.313E+002  9.264E+001  5.074E-001  4.001E-001  1.293E-010  0.000E+000  0.000E+000  1.225E-012  0.000E+000  0.000E+000  3.113E+003
   2.630E+017  7.240E+002  9.043E+001  4.736E-001  4.221E-001  1.370E-010  0.000E+000  0.000E+000  1.396E-012  0.000E+000  0.000E+000  3.114E+003
   2.818E+017  6.306E+002  8.827E+001  4.420E-001  4.439E-001  1.449E-010  0.000E+000  0.000E+000  1.594E-012  0.000E+000  0.000E+000  3.114E+003
   3.020E+017  5.492E+002  8.616E+001  4.125E-001  4.656E-001  1.527E-010  0.000E+000  0.000E+000  1.819E-012  0.000E+000  0.000E+000  3.114E+003
   3.236E+017  4.784E+002  8.410E+001  3.849E-001  4.870E-001  1.604E-010  0.000E+000  0.000E+000  2.073E-012  0.000E+000  0.000E+000  3.114E+003
   3.467E+017  4.166E+002  8.209E+001  3.592E-001  5.081E-001  1.685E-010  0.000E+000  0.000E+000  2.389E-012  0.000E+000  0.000E+000  3.114E+003
   3.715E+017  3.629E+002  8.013E+001  3.353E-001  5.289E-001  1.754E-010  0.000E+000  0.000E+000  2.705E-012  0.000E+000  0.000E+000  3.114E+003
   3.981E+017  3.161E+002  7.822E+001  3.129E-001  5.493E-001  1.833E-010  0.000E+000  0.000E+000  3.147E-012  0.000E+000  0.000E+000  3.114E+003
   4.266E+017  2.753E+002  7.635E+001  2.920E-001  5.692E-001  1.902E-010  0.000E+000  0.000E+000  3.613E-012  0.000E+000  0.000E+000  3.114E+003
   4.571E+017  2.398E+002  7.452E+001  2.725E-001  5.887E-001  1.971E-010  0.000E+000  0.000E+000  4.201E-012  0.000E+000  0.000E+000  3.114E+003
   4.898E+017  2.088E+002  7.274E+001  2.543E-001  6.076E-001  2.046E-010  0.000E+000  0.000E+000  5.033E-012  0.000E+000  0.000E+000  3.114E+003
   5.248E+017  1.819E+002  7.101E+001  2.373E-001  6.260E-001  2.110E-010  0.000E+000  0.000E+000  5.993E-012  0.000E+000  0.000E+000  3.114E+003
   5.623E+017  1.584E+002  6.931E+001  2.215E-001  6.439E-001  2.174E-010  0.000E+000  0.000E+000  7.337E-012  0.000E+000  0.000E+000  3.114E+003
   6.026E+017  1.380E+002  6.766E+001  2.067E-001  6.612E-001  2.241E-010  0.000E+000  0.000E+000  9.484E-012  0.000E+000  0.000E+000  3.114E+003
   6.457E+017  1.202E+002  6.604E+001  1.929E-001  6.779E-001  2.300E-010  0.000E+000  0.000E+000  1.265E-011  0.000E+000  0.000E+000  3.114E+003
   6.918E+017  1.047E+002  6.446E+001  1.800E-001  6.940E-001  2.367E-010  0.000E+000  0.000E+000  2.045E-011  0.000E+000  0.000E+000  3.114E+003
   7.413E+017  9.115E+001  6.292E+001  1.680E-001  7.095E-001  2.419E-010  0.000E+000  0.000E+000  3.831E-011  0.000E+000  0.000E+000  3.114E+003
   7.943E+017  7.939E+001  6.142E+001  1.568E-001  7.244E-001  2.473E-010  0.000E+000  0.000E+000  1.171E-010  0.000E+000  0.000E+000  3.114E+003
   8.511E+017  6.915E+001  5.995E+001  1.463E-001  7.388E-001  2.527E-010  0.000E+000  0.000E+000  1.741E-010  0.000E+000  0.000E+000  3.114E+003
   9.120E+017  6.022E+001  5.852E+001  1.366E-001  7.525E-001  2.578E-010  0.000E+000  0.000E+000  1.785E-010  0.000E+000  0.000E+000  3.114E+003
   9.772E+017  5.245E+001  5.712E+001  1.275E-001  7.656E-001  2.625E-010  0.000E+000  0.000E+000  1.815E-010  0.000E+000  0.000E+000  3.114E+003
   1.047E+018  4.568E+001  5.576E+001  1.190E-001  7.782E-001  2.673E-010  0.000E+000  0.000E+000  1.845E-010  0.000E+000  0.000E+000  3.114E+003
